android/build/intermediates/manifest_merge_blame_file/debug/manifest-merger-blame-debug-report.txt
1<?xml version="1.0" encoding="utf-8"?>
2<manifest xmlns:android="http://schemas.android.com/apk/res/android"
3    package="cpsc362.project.astroblaster.game"
4    android:versionCode="1"
5    android:versionName="1.0" >
6
7    <uses-sdk
8        android:minSdkVersion="9"
8-->CPSC362-AstroBlaster-master\android\AndroidManifest.xml
9        android:targetSdkVersion="29" />
9-->CPSC362-AstroBlaster-master\android\AndroidManifest.xml
10
11    <application
11-->CPSC362-AstroBlaster-master\android\AndroidManifest.xml:5:5-22:19
12        android:allowBackup="true"
12-->CPSC362-AstroBlaster-master\android\AndroidManifest.xml:6:9-35
13        android:appCategory="game"
13-->CPSC362-AstroBlaster-master\android\AndroidManifest.xml:9:9-35
14        android:debuggable="true"
15        android:icon="@drawable/ic_astro"
15-->CPSC362-AstroBlaster-master\android\AndroidManifest.xml:7:9-42
16        android:isGame="true"
16-->CPSC362-AstroBlaster-master\android\AndroidManifest.xml:8:9-30
17        android:label="@string/app_name"
17-->CPSC362-AstroBlaster-master\android\AndroidManifest.xml:10:9-41
18        android:testOnly="true"
19        android:theme="@style/Theme" >
19-->CPSC362-AstroBlaster-master\android\AndroidManifest.xml:11:9-37
20        <activity
20-->CPSC362-AstroBlaster-master\android\AndroidManifest.xml:12:9-21:20
21            android:name="cpsc362.project.astroblaster.game.AndroidLauncher"
21-->CPSC362-AstroBlaster-master\android\AndroidManifest.xml:13:13-77
22            android:configChanges="keyboard|keyboardHidden|navigation|orientation|screenSize|screenLayout"
22-->CPSC362-AstroBlaster-master\android\AndroidManifest.xml:16:13-107
23            android:label="@string/app_name"
23-->CPSC362-AstroBlaster-master\android\AndroidManifest.xml:14:13-45
24            android:screenOrientation="landscape" >
24-->CPSC362-AstroBlaster-master\android\AndroidManifest.xml:15:13-50
25            <intent-filter>
25-->CPSC362-AstroBlaster-master\android\AndroidManifest.xml:17:13-20:29
26                <action android:name="android.intent.action.MAIN" />
26-->CPSC362-AstroBlaster-master\android\AndroidManifest.xml:18:17-69
26-->CPSC362-AstroBlaster-master\android\AndroidManifest.xml:18:25-66
27
28                <category android:name="android.intent.category.LAUNCHER" />
28-->CPSC362-AstroBlaster-master\android\AndroidManifest.xml:19:17-77
28-->CPSC362-AstroBlaster-master\android\AndroidManifest.xml:19:27-74
29            </intent-filter>
30        </activity>
31    </application>
32
33</manifest>